2017-10-12 10:18:32.323 Column ""DELETEME1507799912319"."UNUSED"" added to internal representation of table.
2017-10-12 10:18:32.327 Creating table "DELETEME1507799912319"
2017-10-12 10:18:32.329 CREATE TABLE "DELETEME1507799912319"
(
    "UNUSED" INTEGER NOT NULL
)
2017-10-12 10:18:32.330 Execution Time = 1 ms
2017-10-12 10:18:32.343 Dropping table "DELETEME1507799912319"
2017-10-12 10:18:32.344 DROP TABLE "DELETEME1507799912319"
2017-10-12 10:18:32.345 Execution Time = 1 ms
2017-10-12 10:18:32.609 Column ""DELETEME1507799912609"."UNUSED"" added to internal representation of table.
2017-10-12 10:18:32.610 Creating table "DELETEME1507799912609"
2017-10-12 10:18:32.610 CREATE TABLE "DELETEME1507799912609"
(
    "UNUSED" INTEGER NOT NULL
)
2017-10-12 10:18:32.611 Execution Time = 1 ms
2017-10-12 10:18:32.614 Dropping table "DELETEME1507799912609"
2017-10-12 10:18:32.614 DROP TABLE "DELETEME1507799912609"
2017-10-12 10:18:32.615 Execution Time = 1 ms
2017-10-12 10:18:32.692 Column ""DemoApp"."HelloWorldObject"."id"" added to internal representation of table.
2017-10-12 10:18:32.692 Field [DATASTORE_ID] -> Column(s) ["DemoApp"."HelloWorldObject"."id"] using mapping of type "org.datanucleus.store.rdbms.mapping.java.DatastoreIdMapping" (org.datanucleus.store.rdbms.mapping.datastore.BigIntRDBMSMapping)
2017-10-12 10:18:32.694 Table "DemoApp"."HelloWorldObject" will manage the persistence of the fields for class domainapp.dom.impl.HelloWorldObject (inheritance strategy="new-table") 
2017-10-12 10:18:32.695 Column ""DemoApp"."HelloWorldObject"."name"" added to internal representation of table.
2017-10-12 10:18:32.696 Field [domainapp.dom.impl.HelloWorldObject.name] -> Column(s) ["DemoApp"."HelloWorldObject"."name"] using mapping of type "org.datanucleus.store.rdbms.mapping.java.StringMapping" (org.datanucleus.store.rdbms.mapping.datastore.VarCharRDBMSMapping)
2017-10-12 10:18:32.696 Column ""DemoApp"."HelloWorldObject"."notes"" added to internal representation of table.
2017-10-12 10:18:32.697 Field [domainapp.dom.impl.HelloWorldObject.notes] -> Column(s) ["DemoApp"."HelloWorldObject"."notes"] using mapping of type "org.datanucleus.store.rdbms.mapping.java.StringMapping" (org.datanucleus.store.rdbms.mapping.datastore.VarCharRDBMSMapping)
2017-10-12 10:18:32.697 Column ""DemoApp"."HelloWorldObject"."version"" added to internal representation of table.
2017-10-12 10:18:32.697 Field [VERSION] -> Column(s) ["DemoApp"."HelloWorldObject"."version"] using mapping of type "org.datanucleus.store.rdbms.mapping.java.VersionTimestampMapping" (org.datanucleus.store.rdbms.mapping.datastore.TimestampRDBMSMapping)
2017-10-12 10:18:32.697 Table/View "DemoApp"."HelloWorldObject" has been initialised
2017-10-12 10:18:32.698 Schema Transaction started with connection "org.datanucleus.store.rdbms.datasource.dbcp.PoolingDataSource$PoolGuardConnectionWrapper@5c194652" with isolation "serializable"
2017-10-12 10:18:32.701 Check of existence of "DemoApp"."HelloWorldObject" returned no table
2017-10-12 10:18:32.701 Creating table "DemoApp"."HelloWorldObject"
2017-10-12 10:18:32.702 CREATE TABLE "DemoApp"."HelloWorldObject"
(
    "id" BIGINT GENERATED BY DEFAULT AS IDENTITY,
    "name" VARCHAR(40) NOT NULL,
    "notes" VARCHAR(4000) NULL,
    "version" TIMESTAMP NOT NULL,
    CONSTRAINT "HelloWorldObject_PK" PRIMARY KEY ("id")
)
2017-10-12 10:18:32.703 Execution Time = 1 ms
2017-10-12 10:18:32.707 Creating candidate key "HelloWorldObject_name_UNQ" in catalog "" schema ""DemoApp""
2017-10-12 10:18:32.707 ALTER TABLE "DemoApp"."HelloWorldObject" ADD CONSTRAINT "HelloWorldObject_name_UNQ" UNIQUE ("name")
2017-10-12 10:18:32.709 Execution Time = 2 ms
2017-10-12 10:18:32.709 Schema Transaction committing with connection "org.datanucleus.store.rdbms.datasource.dbcp.PoolingDataSource$PoolGuardConnectionWrapper@5c194652"
2017-10-12 10:18:32.710 Schema Transaction closing with connection "org.datanucleus.store.rdbms.datasource.dbcp.PoolingDataSource$PoolGuardConnectionWrapper@5c194652"
2017-10-12 10:21:11.234 INSERT INTO "DemoApp"."HelloWorldObject" ("name","notes","version") VALUES (<'Foo'>,<null>,<2017-10-12 10:21:11.233>)
2017-10-12 10:21:11.590 SELECT "A0"."name","A0"."notes","A0"."version" FROM "DemoApp"."HelloWorldObject" "A0" WHERE "A0"."id" = <0>
2017-10-12 10:21:14.917 SELECT "A0"."name","A0"."notes","A0"."version" FROM "DemoApp"."HelloWorldObject" "A0" WHERE "A0"."id" = <0>
2017-10-12 10:21:20.479 SELECT "A0"."name","A0"."notes","A0"."version" FROM "DemoApp"."HelloWorldObject" "A0" WHERE "A0"."id" = <0>
2017-10-12 10:21:20.574 SELECT "A0"."name","A0"."notes","A0"."version" FROM "DemoApp"."HelloWorldObject" "A0" WHERE "A0"."id" = <0>
2017-10-12 10:21:20.585 UPDATE "DemoApp"."HelloWorldObject" SET "notes"=<'This is a note'>, "version"=<2017-10-12 10:21:20.585> WHERE "id"=<0>
2017-10-12 10:21:23.053 SELECT "A0"."name","A0"."notes","A0"."version" FROM "DemoApp"."HelloWorldObject" "A0" WHERE "A0"."id" = <0>
2017-10-12 10:21:25.161 SELECT "A0"."name","A0"."notes","A0"."version" FROM "DemoApp"."HelloWorldObject" "A0" WHERE "A0"."id" = <0>
2017-10-12 10:21:25.179 SELECT "A0"."name","A0"."notes","A0"."version" FROM "DemoApp"."HelloWorldObject" "A0" WHERE "A0"."id" = <0>
2017-10-12 10:21:25.216 UPDATE "DemoApp"."HelloWorldObject" SET "name"=<'Foobar'>, "version"=<2017-10-12 10:21:25.216> WHERE "id"=<0>
2017-10-12 10:21:27.245 SELECT "A0"."name","A0"."notes","A0"."version" FROM "DemoApp"."HelloWorldObject" "A0" WHERE "A0"."id" = <0>
2017-10-12 10:22:20.104 SELECT 'domainapp.dom.impl.HelloWorldObject' AS "NUCLEUS_TYPE","A0"."name","A0"."notes","A0"."id","A0"."version" FROM "DemoApp"."HelloWorldObject" "A0" WHERE (LOCATE(<'foo'>,"A0"."name") - 1) >= 0
2017-10-12 10:22:29.603 SELECT 'domainapp.dom.impl.HelloWorldObject' AS "NUCLEUS_TYPE","A0"."name","A0"."notes","A0"."id","A0"."version" FROM "DemoApp"."HelloWorldObject" "A0" WHERE (LOCATE(<'Foo'>,"A0"."name") - 1) >= 0
2017-10-12 10:22:29.647 SELECT "A0"."name","A0"."notes","A0"."version" FROM "DemoApp"."HelloWorldObject" "A0" WHERE "A0"."id" = <0>
2017-10-12 10:22:36.413 INSERT INTO "DemoApp"."HelloWorldObject" ("name","notes","version") VALUES (<'Bar'>,<null>,<2017-10-12 10:22:36.413>)
2017-10-12 10:22:36.456 SELECT "A0"."name","A0"."notes","A0"."version" FROM "DemoApp"."HelloWorldObject" "A0" WHERE "A0"."id" = <1>
2017-10-12 10:22:39.250 SELECT 'domainapp.dom.impl.HelloWorldObject' AS "NUCLEUS_TYPE","A0"."name","A0"."notes","A0"."id","A0"."version" FROM "DemoApp"."HelloWorldObject" "A0"
2017-10-12 10:22:39.279 SELECT "A0"."name","A0"."notes","A0"."version" FROM "DemoApp"."HelloWorldObject" "A0" WHERE "A0"."id" = <0>
2017-10-12 10:22:39.280 SELECT "A0"."name","A0"."notes","A0"."version" FROM "DemoApp"."HelloWorldObject" "A0" WHERE "A0"."id" = <1>
2017-10-12 11:45:02.809 SELECT "A0"."name","A0"."notes","A0"."version" FROM "DemoApp"."HelloWorldObject" "A0" WHERE "A0"."id" = <0>
2017-10-12 11:49:21.635 SELECT "A0"."name","A0"."notes","A0"."version" FROM "DemoApp"."HelloWorldObject" "A0" WHERE "A0"."id" = <0>
2017-10-12 11:50:02.151 SELECT "A0"."name","A0"."notes","A0"."version" FROM "DemoApp"."HelloWorldObject" "A0" WHERE "A0"."id" = <0>
2017-10-12 11:50:09.049 SELECT "A0"."name","A0"."notes","A0"."version" FROM "DemoApp"."HelloWorldObject" "A0" WHERE "A0"."id" = <0>
2017-10-12 11:50:09.218 SELECT "A0"."name","A0"."notes","A0"."version" FROM "DemoApp"."HelloWorldObject" "A0" WHERE "A0"."id" = <0>
2017-10-12 12:12:38.608 SELECT "A0"."name","A0"."notes","A0"."version" FROM "DemoApp"."HelloWorldObject" "A0" WHERE "A0"."id" = <0>
2017-10-12 12:57:32.360 SELECT "A0"."name","A0"."notes","A0"."version" FROM "DemoApp"."HelloWorldObject" "A0" WHERE "A0"."id" = <0>
2017-10-12 12:57:32.425 SELECT "A0"."name","A0"."notes","A0"."version" FROM "DemoApp"."HelloWorldObject" "A0" WHERE "A0"."id" = <0>
2017-10-12 13:06:13.906 SELECT "A0"."name","A0"."notes","A0"."version" FROM "DemoApp"."HelloWorldObject" "A0" WHERE "A0"."id" = <0>
2017-10-12 13:06:27.801 SELECT "A0"."name","A0"."notes","A0"."version" FROM "DemoApp"."HelloWorldObject" "A0" WHERE "A0"."id" = <0>
